<?xml version="1.0" encoding="UTF-8"?>
<!-- Generated by org.testng.reporters.JUnitXMLReporter -->
<testsuite ignored="0" hostname="ashishs-MacBook-Pro.local" failures="0" tests="4" name="Surefire test" time="8.734" errors="0" timestamp="2021-10-20T19:58:39 IST">
  <testcase classname="invideo.api.tests.SignupTests" name="invalidSignup" time="8.08"/>
  <testcase classname="invideo.api.tests.LoginTests" name="invalidLogin" time="7.957"/>
  <testcase classname="invideo.api.tests.SignupTests" name="validSignup" time="8.191"/>
  <testcase classname="invideo.api.tests.LoginTests" name="validLogin" time="8.562"/>
</testsuite> <!-- Surefire test -->
