<?xml version="1.0" encoding="UTF-8"?>
<testsuite xmlns:xsi="http://www.w3.org/2001/XMLSchema-instance" xsi:noNamespaceSchemaLocation="https://maven.apache.org/surefire/maven-surefire-plugin/xsd/surefire-test-report-3.0.xsd" version="3.0" name="TestSuite" time="9.692" tests="4" errors="0" skipped="0" failures="0">
  <properties>
[...]
</properties>
  <testcase name="invalidSignup" classname="invideo.api.tests.SignupTests" time="2.962">
    <system-out><![CDATA[STARTING TEST: validLogin
STARTING TEST: invalidLogin
THREAD ID: 17
THREAD ID: 18
Request method:	POST
Request URI:	https://staging-api.invideo.io/v2/loginv3
Proxy:			<none>
Request params:	<none>
Query params:	<none>
Form params:	<none>
Path params:	<none>
Headers:		sec-ch-ua=Not;A Brand";v="99", "Google Chrome";v="91", "Chromium";v="91"
				sec-ch-ua-mobile=?0
				Accept=application/json, text/plain, */*
				User-Agent=Mozilla/5.0 (Macintosh; Intel Mac OS X 10_15_7) AppleWebKit/537.36 (KHTML, like Gecko) Chrome/91.0.4472.114 Safari/537.36
				Content-Type=application/json; charset=UTF-8
Cookies:		<none>
Multiparts:		<none>
Body:
{
    "userid": "owuKEk32gm@example.in",
    "password": "Password-1234",
    "route": "invideo",
    "partnerToken": "",
    "referrer": "app",
    "profileDeviceId": "1S-lO2f6SY1cbimhawuyWB"
}
Request method:	POST
Request URI:	https://staging-api.invideo.io/v2/loginv3
Proxy:			<none>
Request params:	<none>
Query params:	<none>
Form params:	<none>
Path params:	<none>
Headers:		sec-ch-ua=Not;A Brand";v="99", "Google Chrome";v="91", "Chromium";v="91"
				sec-ch-ua-mobile=?0
				Accept=application/json, text/plain, */*
				User-Agent=Mozilla/5.0 (Macintosh; Intel Mac OS X 10_15_7) AppleWebKit/537.36 (KHTML, like Gecko) Chrome/91.0.4472.114 Safari/537.36
				Content-Type=application/json; charset=UTF-8
Cookies:		<none>
Multiparts:		<none>
Body:
{
    "userid": "apiautoabfinalqtr6@example.in",
    "password": "Password-1234",
    "route": "invideo",
    "partnerToken": "",
    "referrer": "app",
    "profileDeviceId": "1S-lO2f6SY1cbimhawuyWB"
}
Request method:	POST
Request URI:	https://staging-api.invideo.io/v2/email_signup
Proxy:			<none>
Request params:	<none>
Query params:	<none>
Form params:	<none>
Path params:	<none>
Headers:		sec-ch-ua=Not;A Brand";v="99", "Google Chrome";v="91", "Chromium";v="91"
				sec-ch-ua-mobile=?0
				Accept=application/json, text/plain, */*
				User-Agent=Mozilla/5.0 (Macintosh; Intel Mac OS X 10_15_7) AppleWebKit/537.36 (KHTML, like Gecko) Chrome/91.0.4472.114 Safari/537.36
				Content-Type=application/json; charset=UTF-8
Cookies:		<none>
Multiparts:		<none>
Body:
{
    "full_name": "Ryan Murphy",
    "brand_name": "Lind-Goodwin",
    "email": "apiautoabfinalqtr25@example.in",
    "password": "Password-1234",
    "route": "invideo",
    "link": "https://staging.invideo.io/verify?mash=",
    "phone": "(588) 684-9797 x9583",
    "page_source": "https://staging.invideo.io/",
    "button_position": "Top Right - Header",
    "first_touch_point": "/",
    "last_touch_point": "/",
    "initial_raw_url": "https://staging.invideo.io/",
    "device_id": "1S-lO2f6SY1cbimhawuyWB",
    "location": "header",
    "recaptcha_response": "qa",
    "team_invite": true,
    "is_invite_link_used": false,
    "is_mobile": false,
    "referrer": "app",
    "profileDeviceId": "1S-lO2f6SY1cbimhawuyWB"
}
Request method:	POST
Request URI:	https://staging-api.invideo.io/v2/email_signup
Proxy:			<none>
Request params:	<none>
Query params:	<none>
Form params:	<none>
Path params:	<none>
Headers:		sec-ch-ua=Not;A Brand";v="99", "Google Chrome";v="91", "Chromium";v="91"
				sec-ch-ua-mobile=?0
				Accept=application/json, text/plain, */*
				User-Agent=Mozilla/5.0 (Macintosh; Intel Mac OS X 10_15_7) AppleWebKit/537.36 (KHTML, like Gecko) Chrome/91.0.4472.114 Safari/537.36
				Content-Type=application/json; charset=UTF-8
Cookies:		<none>
Multiparts:		<none>
Body:
{
    "full_name": "Dr. Louis Macejkovic",
    "brand_name": "Berge-Mann",
    "email": "E1jK121tBE@example.in",
    "password": "Password-1234",
    "route": "invideo",
    "link": "https://staging.invideo.io/verify?mash=",
    "phone": "(226) 750-3308 x401",
    "page_source": "https://staging.invideo.io/",
    "button_position": "Top Right - Header",
    "first_touch_point": "/",
    "last_touch_point": "/",
    "initial_raw_url": "https://staging.invideo.io/",
    "device_id": "1S-lO2f6SY1cbimhawuyWB",
    "location": "header",
    "recaptcha_response": "qa",
    "team_invite": true,
    "is_invite_link_used": false,
    "is_mobile": false,
    "referrer": "app",
    "profileDeviceId": "1S-lO2f6SY1cbimhawuyWB"
}
HTTP/1.1 403 Forbidden
Date: Wed, 20 Oct 2021 14:28:38 GMT
Content-Type: text/html; charset=UTF-8
Transfer-Encoding: chunked
Connection: keep-alive
Strict-Transport-Security: max-age=63072000; includeSubdomains
X-Frame-Options: SAMEORIGIN
X-XSS-Protection: 1; mode=block
X-Content-Type-Options: nosniff
Referrer-Policy: no-referrer, strict-origin-when-cross-origin
Pragma: no-cache
Expires: 0
Cache-control: no-cache, no-store, must-revalidate, max-age=0
CF-Cache-Status: DYNAMIC
Expect-CT: max-age=604800, report-uri="https://report-uri.cloudflare.com/cdn-cgi/beacon/expect-ct"
Report-To: {"endpoints":[{"url":"https:\/\/a.nel.cloudflare.com\/report\/v3?s=vz%2FCIp9qAKKLu0PLyeID45LJmtaO3iKB4EcfQgbrK2PVstjJjSu9OB6a4G73eACfh%2B7os9bqn6VQ9FKlhngDsg3yZpo3HBz3QPAdDnk%2FDJ9VET%2F3%2F0hFQHf76jzIucvn4yLGuX%2BJTvw%3D"}],"group":"cf-nel","max_age":604800}
NEL: {"success_fraction":0,"report_to":"cf-nel","max_age":604800}
Server: cloudflare
CF-RAY: 6a12ef0ddd682e4c-BOM
Content-Encoding: gzip

<html>
  <body>{"message": "That email address is already associated with an Invideo account. Please login to continue.", "code": 403, "traceback": "Traceback (most recent call last):\n  File \"/opt/invideo-backend/.venv/lib/python3.8/site-packages/pyramid/tweens.py\", line 39, in excview_tween\n    response = handler(request)\n  File \"/opt/invideo-backend/.venv/lib/python3.8/site-packages/pyramid/router.py\", line 151, in handle_request\n    response = _call_view(\n  File \"/opt/invideo-backend/.venv/lib/python3.8/site-packages/sentry_sdk/integrations/pyramid.py\", line 90, in sentry_patched_call_view\n    return old_call_view(registry, request, *args, **kwargs)\n  File \"/opt/invideo-backend/.venv/lib/python3.8/site-packages/pyramid/view.py\", line 642, in _call_view\n    response = view_callable(context, request)\n  File \"/opt/invideo-backend/.venv/lib/python3.8/site-packages/pyramid/viewderivers.py\", line 390, in attr_view\n    return view(context, request)\n  File \"/opt/invideo-backend/.venv/lib/python3.8/site-packages/pyramid/viewderivers.py\", line 368, in predicate_wrapper\n    return view(context, request)\n  File \"/opt/invideo-backend/.venv/lib/python3.8/site-packages/pyramid/viewderivers.py\", line 439, in rendered_view\n    result = view(context, request)\n  File \"/opt/invideo-backend/.venv/lib/python3.8/site-packages/pyramid/viewderivers.py\", line 148, in _requestonly_view\n    response = view(request)\n  File \"/opt/invideo-backend/invideoapp/views/auth.py\", line 1315, in email_signup\n    raise err\n  File \"/opt/invideo-backend/invideoapp/views/auth.py\", line 1180, in email_signup\n    user, account, _ = auth_processing_v3.handle_email_signup(\n  File \"/opt/invideo-backend/invideoapp/invideomodules/v3/auth_processing_v3.py\", line 456, in handle_email_signup\n    raise HTTPForbidden(\npyramid.httpexceptions.HTTPForbidden: That email address is already associated with an Invideo account. Please login to continue.\n"}</body>
</html>
HTTP/1.1 403 Forbidden
Date: Wed, 20 Oct 2021 14:28:38 GMT
Content-Type: text/html; charset=UTF-8
Transfer-Encoding: chunked
Connection: keep-alive
Strict-Transport-Security: max-age=63072000; includeSubdomains
X-Frame-Options: SAMEORIGIN
X-XSS-Protection: 1; mode=block
X-Content-Type-Options: nosniff
Referrer-Policy: no-referrer, strict-origin-when-cross-origin
Pragma: no-cache
Expires: 0
Cache-control: no-cache, no-store, must-revalidate, max-age=0
CF-Cache-Status: DYNAMIC
Expect-CT: max-age=604800, report-uri="https://report-uri.cloudflare.com/cdn-cgi/beacon/expect-ct"
Report-To: {"endpoints":[{"url":"https:\/\/a.nel.cloudflare.com\/report\/v3?s=Ky8%2BBV9Zcj3Ma59SOoHelDz8kmwydxci9Qe9t%2BMxmp3aQDnXkuWkddN3vmpKDMY47Yac31r8JqHhlKLCZgqcTWMQ79gyastJudT1WY72MuHt2ViJ1PHV1DQrqSsXwW6SmvMzf4TVKUQ%3D"}],"group":"cf-nel","max_age":604800}
NEL: {"success_fraction":0,"report_to":"cf-nel","max_age":604800}
Server: cloudflare
CF-RAY: 6a12ef0ddaf66989-BOM
Content-Encoding: gzip

<html>
  <body>{"message": "The email or password you entered is incorrect. Please try again.", "code": 403, "traceback": "Traceback (most recent call last):\n  File \"/opt/invideo-backend/.venv/lib/python3.8/site-packages/pyramid/tweens.py\", line 39, in excview_tween\n    response = handler(request)\n  File \"/opt/invideo-backend/.venv/lib/python3.8/site-packages/pyramid/router.py\", line 151, in handle_request\n    response = _call_view(\n  File \"/opt/invideo-backend/.venv/lib/python3.8/site-packages/sentry_sdk/integrations/pyramid.py\", line 90, in sentry_patched_call_view\n    return old_call_view(registry, request, *args, **kwargs)\n  File \"/opt/invideo-backend/.venv/lib/python3.8/site-packages/pyramid/view.py\", line 642, in _call_view\n    response = view_callable(context, request)\n  File \"/opt/invideo-backend/.venv/lib/python3.8/site-packages/pyramid/viewderivers.py\", line 390, in attr_view\n    return view(context, request)\n  File \"/opt/invideo-backend/.venv/lib/python3.8/site-packages/pyramid/viewderivers.py\", line 368, in predicate_wrapper\n    return view(context, request)\n  File \"/opt/invideo-backend/.venv/lib/python3.8/site-packages/pyramid/viewderivers.py\", line 439, in rendered_view\n    result = view(context, request)\n  File \"/opt/invideo-backend/.venv/lib/python3.8/site-packages/pyramid/viewderivers.py\", line 148, in _requestonly_view\n    response = view(request)\n  File \"/opt/invideo-backend/invideoapp/views/auth.py\", line 714, in loginv3\n    raise err\n  File \"/opt/invideo-backend/invideoapp/views/auth.py\", line 602, in loginv3\n    user, account = auth_processing_v3.handle_login(\n  File \"/opt/invideo-backend/invideoapp/invideomodules/v3/auth_processing_v3.py\", line 540, in handle_login\n    raise HTTPForbidden(detail=\"The email or password you entered is incorrect. Please try again.\")\npyramid.httpexceptions.HTTPForbidden: The email or password you entered is incorrect. Please try again.\n"}</body>
</html>
]]></system-out>
    <system-err><![CDATA[SLF4J: Failed to load class "org.slf4j.impl.StaticLoggerBinder".
SLF4J: Defaulting to no-operation (NOP) logger implementation
SLF4J: See http://www.slf4j.org/codes.html#StaticLoggerBinder for further details.
]]></system-err>
  </testcase>
  <testcase name="validSignup" classname="invideo.api.tests.SignupTests" time="3.06">
    <system-out><![CDATA[HTTP/1.1 200 OK
Date: Wed, 20 Oct 2021 14:28:39 GMT
Content-Type: application/json
Transfer-Encoding: chunked
Connection: keep-alive
Strict-Transport-Security: max-age=63072000; includeSubdomains
X-Frame-Options: SAMEORIGIN
X-XSS-Protection: 1; mode=block
X-Content-Type-Options: nosniff
Referrer-Policy: no-referrer, strict-origin-when-cross-origin
Pragma: no-cache
Expires: 0
Cache-control: no-cache, no-store, must-revalidate, max-age=0
CF-Cache-Status: DYNAMIC
Expect-CT: max-age=604800, report-uri="https://report-uri.cloudflare.com/cdn-cgi/beacon/expect-ct"
Report-To: {"endpoints":[{"url":"https:\/\/a.nel.cloudflare.com\/report\/v3?s=ojQW0xbcsjowBj4hO30HvRqU1xLQfTO0vpAGmvfXvKxX8GRZKs%2FGpbnZI8hipVfygP%2BvUeTMTZQE8Ohb7%2FWNvkj5pNzJXLKxxF5uUY4%2BuTFDPj0KhBDbjjBBty6GTCazXtxMcUlT5iA%3D"}],"group":"cf-nel","max_age":604800}
NEL: {"success_fraction":0,"report_to":"cf-nel","max_age":604800}
Server: cloudflare
CF-RAY: 6a12ef0ddb602e0a-BOM
Content-Encoding: gzip

{
    "token": "eyJ0eXAiOiJKV1QiLCJhbGciOiJIUzUxMiJ9.eyJyb2xlIjpbImFkbWluIl0sImFjY291bnQiOjIwMjkzNDQsInZlcnNpb24iOiI0LjEuMyIsImNvbmZpZyI6ImludmlkZW8iLCJpc19ndWVzdCI6ZmFsc2UsInN1YiI6ImFwaWF1dG9hYmZpbmFscXRyNkBleGFtcGxlLmluIiwiaWF0IjoxNjM0NzQwMTE4LCJleHAiOjE2NTAyOTIxMTgsInZlciI6Mn0.2N_MqLklxYz-cd-eZUQlxR4WAfSA595E6R4wrfa6c5772Ga84H1UP0F1M9ZoifIWV01WlOImzWH6YTzD3_M5yQ",
    "token_expires": 1650292118,
    "email": "apiautoabfinalqtr6@example.in",
    "user_id": "apiautoabfinalqtr6@example.in",
    "first_name": "API",
    "last_name": "testing",
    "phone": "+91 4563453425",
    "account": 2029344,
    "id": 2040327,
    "role": "admin",
    "account_details": {
        "payment_plan": "BUSINESS_WATERMARK",
        "duration": "MONTHLY",
        "display_name": "Free Plan",
        "account_id": 2029344
    },
    "email_archetype": "test",
    "new_user": false
}
HTTP/1.1 200 OK
Date: Wed, 20 Oct 2021 14:28:39 GMT
Content-Type: application/json
Transfer-Encoding: chunked
Connection: keep-alive
Strict-Transport-Security: max-age=63072000; includeSubdomains
X-Frame-Options: SAMEORIGIN
X-XSS-Protection: 1; mode=block
X-Content-Type-Options: nosniff
Referrer-Policy: no-referrer, strict-origin-when-cross-origin
Pragma: no-cache
Expires: 0
Cache-control: no-cache, no-store, must-revalidate, max-age=0
CF-Cache-Status: DYNAMIC
Expect-CT: max-age=604800, report-uri="https://report-uri.cloudflare.com/cdn-cgi/beacon/expect-ct"
Report-To: {"endpoints":[{"url":"https:\/\/a.nel.cloudflare.com\/report\/v3?s=OC2TD%2BImC6Ol8IV76L8SJoXaYgg10Q%2FWovKrYJfiMXc%2BCIel8wmHZgiP2rDePaMQwhALlshDBYdqoof7RPRFRZxmmoRBbnEwJB9m04IVmDKPxLvskQrm%2FGZbwG%2Fj8sa3eJzwqkDQ2zs%3D"}],"group":"cf-nel","max_age":604800}
NEL: {"success_fraction":0,"report_to":"cf-nel","max_age":604800}
Server: cloudflare
CF-RAY: 6a12ef0dda363226-BOM
Content-Encoding: gzip

{
    "token": "eyJ0eXAiOiJKV1QiLCJhbGciOiJIUzUxMiJ9.eyJyb2xlIjpbImFkbWluIl0sImFjY291bnQiOjI4Mzc4MjUsInZlcnNpb24iOiI0LjEuMyIsImNvbmZpZyI6ImludmlkZW8iLCJpc19ndWVzdCI6ZmFsc2UsInN1YiI6IkUxaksxMjF0QkVAZXhhbXBsZS5pbiIsImlhdCI6MTYzNDc0MDExNiwiZXhwIjoxNjUwMjkyMTE2LCJ2ZXIiOjJ9.TmEdSnCMTm0e-ERO4_TCjAO4-phbNQGBWOZ_GDH5vuJPfqY5ek1NNTDN-RIMBJ4xyycP2FyAweoPcDBmTstyFg",
    "token_expires": 1650292116,
    "email": "E1jK121tBE@example.in",
    "user_id": "E1jK121tBE@example.in",
    "first_name": "Dr.",
    "last_name": "Louis Macejkovic",
    "phone": "(226) 750-3308 x401",
    "account": 2837825,
    "id": 2843562,
    "role": "admin",
    "account_details": {
        "payment_plan": "BUSINESS_WATERMARK",
        "duration": "MONTHLY",
        "display_name": "Free Plan",
        "account_id": 2837825
    },
    "email_archetype": "test",
    "new_user": true
}
]]></system-out>
  </testcase>
  <testcase name="invalidLogin" classname="invideo.api.tests.LoginTests" time="2.962"/>
  <testcase name="validLogin" classname="invideo.api.tests.LoginTests" time="3.554">
    <system-out><![CDATA[This is token eyJ0eXAiOiJKV1QiLCJhbGciOiJIUzUxMiJ9.eyJyb2xlIjpbImFkbWluIl0sImFjY291bnQiOjIwMjkzNDQsInZlcnNpb24iOiI0LjEuMyIsImNvbmZpZyI6ImludmlkZW8iLCJpc19ndWVzdCI6ZmFsc2UsInN1YiI6ImFwaWF1dG9hYmZpbmFscXRyNkBleGFtcGxlLmluIiwiaWF0IjoxNjM0NzQwMTE4LCJleHAiOjE2NTAyOTIxMTgsInZlciI6Mn0.2N_MqLklxYz-cd-eZUQlxR4WAfSA595E6R4wrfa6c5772Ga84H1UP0F1M9ZoifIWV01WlOImzWH6YTzD3_M5yQ
]]></system-out>
  </testcase>
</testsuite>